<?xml version="1.0" encoding="UTF-8"?>
<!-- Generated by org.testng.reporters.JUnitXMLReporter -->
<testsuite hostname="DESKTOP-729EO41" ignored="5" name="Groups" tests="5" failures="0" timestamp="23 дек 2020 14:18:42 GMT" time="9.869" errors="0">
  <testcase name="testGroupCreation" time="2.996" classname="ru.stqa.pft.addressbook.tests.GroupCreationTests"/>
  <testcase name="testGroupCreation" time="1.815" classname="ru.stqa.pft.addressbook.tests.GroupCreationTests"/>
  <testcase name="testGroupCreation" time="1.725" classname="ru.stqa.pft.addressbook.tests.GroupCreationTests"/>
  <testcase name="testGroupModification" time="1.832" classname="ru.stqa.pft.addressbook.tests.GroupModificationTests"/>
  <testcase name="testGroupDeletion" time="1.234" classname="ru.stqa.pft.addressbook.tests.GroupDeletionTests"/>
  <testcase name="@AfterSuite tearDown" time="0.0" classname="ru.stqa.pft.addressbook.tests.TestBase">
    <ignored/>
  </testcase> <!-- @AfterSuite tearDown -->
  <testcase name="@AfterSuite tearDown" time="0.0" classname="ru.stqa.pft.addressbook.tests.TestBase">
    <ignored/>
  </testcase> <!-- @AfterSuite tearDown -->
  <testcase name="@BeforeSuite setUp" time="0.0" classname="ru.stqa.pft.addressbook.tests.TestBase">
    <ignored/>
  </testcase> <!-- @BeforeSuite setUp -->
  <testcase name="@BeforeSuite setUp" time="0.0" classname="ru.stqa.pft.addressbook.tests.TestBase">
    <ignored/>
  </testcase> <!-- @BeforeSuite setUp -->
  <testcase name="testBadGroupCreation" time="0.0" classname="ru.stqa.pft.addressbook.tests.GroupCreationTests">
    <ignored/>
  </testcase> <!-- testBadGroupCreation -->
</testsuite> <!-- Groups -->
